array(1) {
  [0]=>
  int(2)
}
array(1) {
  [0]=>
  array(2) {
    ["name"]=>
    string(4) "name"
    ["value"]=>
    string(10) "Денис"
  }
}
array(1) {
  [0]=>
  string(10) "Денис"
}
array(1) {
  [0]=>
  array(5) {
    [0]=>
    array(2) {
      ["name"]=>
      string(5) "email"
      ["value"]=>
      string(17) "fakslop@gmail.com"
    }
    [1]=>
    array(2) {
      ["name"]=>
      string(5) "phone"
      ["value"]=>
      string(10) "0967215413"
    }
    [2]=>
    array(2) {
      ["name"]=>
      string(4) "name"
      ["value"]=>
      string(10) "Денис"
    }
    [3]=>
    array(2) {
      ["name"]=>
      string(8) "lastname"
      ["value"]=>
      string(0) ""
    }
    [4]=>
    array(2) {
      ["name"]=>
      string(7) "message"
      ["value"]=>
      string(0) ""
    }
  }
}
array(5) {
  [0]=>
  string(10) "Денис"
  [1]=>
  string(0) ""
  [2]=>
  string(17) "fakslop@gmail.com"
  [3]=>
  string(10) "0967215413"
  [4]=>
  string(0) ""
}
array(5) {
  [0]=>
  string(10) "Денис"
  [1]=>
  string(8) "asdfasdf"
  [2]=>
  string(17) "fakslop@gmail.com"
  [3]=>
  string(10) "0967215413"
  [4]=>
  string(10) "asfdasdfas"
}
array(5) {
  [0]=>
  string(10) "Денис"
  [1]=>
  string(8) "asdfasdf"
  [2]=>
  string(17) "fakslop@gmail.com"
  [3]=>
  string(13) "+380967215413"
  [4]=>
  string(10) "asfdasdfas"
}
array(1) {
  [0]=>
  bool(false)
}
array(1) {
  [0]=>
  bool(false)
}
array(1) {
  [0]=>
  bool(false)
}
array(1) {
  [0]=>
  bool(true)
}
array(1) {
  [0]=>
  bool(true)
}
array(1) {
  [0]=>
  bool(true)
}
array(1) {
  [0]=>
  bool(true)
}
array(1) {
  [0]=>
  bool(true)
}
array(1) {
  [0]=>
  bool(true)
}
array(1) {
  [0]=>
  bool(true)
}
